2020-12-03 21:25:26.197  INFO 95057 --- [main] com.vfd.demo.CloudApplication            : Starting CloudApplication using Java 1.8.0_221 on vfdxvffd with PID 95057 (/home/vfdxvffd/github/vfd-cloud/target/classes started by vfdxvffd in /home/vfdxvffd/github/vfd-cloud)
2020-12-03 21:25:26.258  INFO 95057 --- [main] com.vfd.demo.CloudApplication            : No active profile set, falling back to default profiles: default
2020-12-03 21:25:30.177  INFO 95057 --- [main] .s.d.r.c.RepositoryConfigurationDelegate : Multiple Spring Data modules found, entering strict repository configuration mode!
2020-12-03 21:25:30.183  INFO 95057 --- [main] .s.d.r.c.RepositoryConfigurationDelegate : Bootstrapping Spring Data Redis repositories in DEFAULT mode.
2020-12-03 21:25:30.210  INFO 95057 --- [main] .s.d.r.c.RepositoryConfigurationDelegate : Finished Spring Data repository scanning in 5 ms. Found 0 Redis repository interfaces.
2020-12-03 21:25:34.201  INFO 95057 --- [main] o.s.b.w.embedded.tomcat.TomcatWebServer  : Tomcat initialized with port(s): 8080 (http)
2020-12-03 21:25:34.213  INFO 95057 --- [main] o.apache.catalina.core.StandardService   : Starting service [Tomcat]
2020-12-03 21:25:34.214  INFO 95057 --- [main] org.apache.catalina.core.StandardEngine  : Starting Servlet engine: [Apache Tomcat/9.0.39]
2020-12-03 21:25:34.484  INFO 95057 --- [main] o.a.c.c.C.[Tomcat].[localhost].[/]       : Initializing Spring embedded WebApplicationContext
2020-12-03 21:25:34.484  INFO 95057 --- [main] w.s.c.ServletWebServerApplicationContext : Root WebApplicationContext: initialization completed in 8117 ms
2020-12-03 21:25:36.049  INFO 95057 --- [main] o.s.s.concurrent.ThreadPoolTaskExecutor  : Initializing ExecutorService 'applicationTaskExecutor'
2020-12-03 21:25:36.125  INFO 95057 --- [main] o.s.b.a.w.s.WelcomePageHandlerMapping    : Adding welcome page template: index
2020-12-03 21:25:36.512  INFO 95057 --- [main] o.s.b.w.embedded.tomcat.TomcatWebServer  : Tomcat started on port(s): 8080 (http) with context path ''
2020-12-03 21:25:36.520  INFO 95057 --- [main] com.vfd.demo.CloudApplication            : Started CloudApplication in 11.374 seconds (JVM running for 15.493)
2020-12-03 21:25:52.562  INFO 95057 --- [http-nio-8080-exec-1] o.a.c.c.C.[Tomcat].[localhost].[/]       : Initializing Spring DispatcherServlet 'dispatcherServlet'
2020-12-03 21:25:52.562  INFO 95057 --- [http-nio-8080-exec-1] o.s.web.servlet.DispatcherServlet        : Initializing Servlet 'dispatcherServlet'
2020-12-03 21:25:52.563  INFO 95057 --- [http-nio-8080-exec-1] o.s.web.servlet.DispatcherServlet        : Completed initialization in 1 ms
2020-12-03 21:26:07.761  WARN 95057 --- [http-nio-8080-exec-8] o.a.c.util.SessionIdGeneratorBase        : Creation of SecureRandom instance for session ID generation using [SHA1PRNG] took [406] milliseconds.
2020-12-03 21:26:39.219  INFO 95057 --- [http-nio-8080-exec-10] com.alibaba.druid.pool.DruidDataSource   : {dataSource-1} inited
2020-12-03 21:26:40.493 ERROR 95057 --- [http-nio-8080-exec-10] o.a.c.c.C.[.[.[/].[dispatcherServlet]    : Servlet.service() for servlet [dispatcherServlet] in context with path [] threw exception [Request processing failed; nested exception is org.springframework.mail.MailSendException: Failed messages: com.sun.mail.smtp.SMTPSendFailedException: 501 Mail from address must be same as authorization user.
;
  nested exception is:
	com.sun.mail.smtp.SMTPSenderFailedException: 501 Mail from address must be same as authorization user.
; message exceptions (1) are:
Failed message 1: com.sun.mail.smtp.SMTPSendFailedException: 501 Mail from address must be same as authorization user.
;
  nested exception is:
	com.sun.mail.smtp.SMTPSenderFailedException: 501 Mail from address must be same as authorization user.
] with root cause

org.springframework.mail.MailSendException: Failed messages: com.sun.mail.smtp.SMTPSendFailedException: 501 Mail from address must be same as authorization user.
;
  nested exception is:
	com.sun.mail.smtp.SMTPSenderFailedException: 501 Mail from address must be same as authorization user.

	at org.springframework.mail.javamail.JavaMailSenderImpl.doSend(JavaMailSenderImpl.java:491) ~[spring-context-support-5.3.1.jar:5.3.1]
	at org.springframework.mail.javamail.JavaMailSenderImpl.send(JavaMailSenderImpl.java:361) ~[spring-context-support-5.3.1.jar:5.3.1]
	at org.springframework.mail.javamail.JavaMailSenderImpl.send(JavaMailSenderImpl.java:356) ~[spring-context-support-5.3.1.jar:5.3.1]
	at com.vfd.demo.utils.SendMessage.sendMeg(SendMessage.java:71) ~[classes/:na]
	at com.vfd.demo.controller.AccountController.forget_password(AccountController.java:160) ~[classes/:na]
	at sun.reflect.NativeMethodAccessorImpl.invoke0(Native Method) ~[na:1.8.0_221]
	at sun.reflect.NativeMethodAccessorImpl.invoke(NativeMethodAccessorImpl.java:62) ~[na:1.8.0_221]
	at sun.reflect.DelegatingMethodAccessorImpl.invoke(DelegatingMethodAccessorImpl.java:43) ~[na:1.8.0_221]
	at java.lang.reflect.Method.invoke(Method.java:498) ~[na:1.8.0_221]
	at org.springframework.web.method.support.InvocableHandlerMethod.doInvoke(InvocableHandlerMethod.java:197) ~[spring-web-5.3.1.jar:5.3.1]
	at org.springframework.web.method.support.InvocableHandlerMethod.invokeForRequest(InvocableHandlerMethod.java:141) ~[spring-web-5.3.1.jar:5.3.1]
	at org.springframework.web.servlet.mvc.method.annotation.ServletInvocableHandlerMethod.invokeAndHandle(ServletInvocableHandlerMethod.java:106) ~[spring-webmvc-5.3.1.jar:5.3.1]
	at org.springframework.web.servlet.mvc.method.annotation.RequestMappingHandlerAdapter.invokeHandlerMethod(RequestMappingHandlerAdapter.java:893) ~[spring-webmvc-5.3.1.jar:5.3.1]
	at org.springframework.web.servlet.mvc.method.annotation.RequestMappingHandlerAdapter.handleInternal(RequestMappingHandlerAdapter.java:807) ~[spring-webmvc-5.3.1.jar:5.3.1]
	at org.springframework.web.servlet.mvc.method.AbstractHandlerMethodAdapter.handle(AbstractHandlerMethodAdapter.java:87) ~[spring-webmvc-5.3.1.jar:5.3.1]
	at org.springframework.web.servlet.DispatcherServlet.doDispatch(DispatcherServlet.java:1061) ~[spring-webmvc-5.3.1.jar:5.3.1]
	at org.springframework.web.servlet.DispatcherServlet.doService(DispatcherServlet.java:961) ~[spring-webmvc-5.3.1.jar:5.3.1]
	at org.springframework.web.servlet.FrameworkServlet.processRequest(FrameworkServlet.java:1006) ~[spring-webmvc-5.3.1.jar:5.3.1]
	at org.springframework.web.servlet.FrameworkServlet.doGet(FrameworkServlet.java:898) ~[spring-webmvc-5.3.1.jar:5.3.1]
	at javax.servlet.http.HttpServlet.service(HttpServlet.java:626) ~[tomcat-embed-core-9.0.39.jar:4.0.FR]
	at org.springframework.web.servlet.FrameworkServlet.service(FrameworkServlet.java:883) ~[spring-webmvc-5.3.1.jar:5.3.1]
	at javax.servlet.http.HttpServlet.service(HttpServlet.java:733) ~[tomcat-embed-core-9.0.39.jar:4.0.FR]
	at org.apache.catalina.core.ApplicationFilterChain.internalDoFilter(ApplicationFilterChain.java:231) ~[tomcat-embed-core-9.0.39.jar:9.0.39]
	at org.apache.catalina.core.ApplicationFilterChain.doFilter(ApplicationFilterChain.java:166) ~[tomcat-embed-core-9.0.39.jar:9.0.39]
	at org.apache.tomcat.websocket.server.WsFilter.doFilter(WsFilter.java:53) ~[tomcat-embed-websocket-9.0.39.jar:9.0.39]
	at org.apache.catalina.core.ApplicationFilterChain.internalDoFilter(ApplicationFilterChain.java:193) ~[tomcat-embed-core-9.0.39.jar:9.0.39]
	at org.apache.catalina.core.ApplicationFilterChain.doFilter(ApplicationFilterChain.java:166) ~[tomcat-embed-core-9.0.39.jar:9.0.39]
	at com.alibaba.druid.support.http.WebStatFilter.doFilter(WebStatFilter.java:124) ~[druid-1.1.17.jar:1.1.17]
	at org.apache.catalina.core.ApplicationFilterChain.internalDoFilter(ApplicationFilterChain.java:193) ~[tomcat-embed-core-9.0.39.jar:9.0.39]
	at org.apache.catalina.core.ApplicationFilterChain.doFilter(ApplicationFilterChain.java:166) ~[tomcat-embed-core-9.0.39.jar:9.0.39]
	at org.springframework.web.filter.RequestContextFilter.doFilterInternal(RequestContextFilter.java:100) ~[spring-web-5.3.1.jar:5.3.1]
	at org.springframework.web.filter.OncePerRequestFilter.doFilter(OncePerRequestFilter.java:119) ~[spring-web-5.3.1.jar:5.3.1]
	at org.apache.catalina.core.ApplicationFilterChain.internalDoFilter(ApplicationFilterChain.java:193) ~[tomcat-embed-core-9.0.39.jar:9.0.39]
	at org.apache.catalina.core.ApplicationFilterChain.doFilter(ApplicationFilterChain.java:166) ~[tomcat-embed-core-9.0.39.jar:9.0.39]
	at org.springframework.web.filter.FormContentFilter.doFilterInternal(FormContentFilter.java:93) ~[spring-web-5.3.1.jar:5.3.1]
	at org.springframework.web.filter.OncePerRequestFilter.doFilter(OncePerRequestFilter.java:119) ~[spring-web-5.3.1.jar:5.3.1]
	at org.apache.catalina.core.ApplicationFilterChain.internalDoFilter(ApplicationFilterChain.java:193) ~[tomcat-embed-core-9.0.39.jar:9.0.39]
	at org.apache.catalina.core.ApplicationFilterChain.doFilter(ApplicationFilterChain.java:166) ~[tomcat-embed-core-9.0.39.jar:9.0.39]
	at org.springframework.web.filter.CharacterEncodingFilter.doFilterInternal(CharacterEncodingFilter.java:201) ~[spring-web-5.3.1.jar:5.3.1]
	at org.springframework.web.filter.OncePerRequestFilter.doFilter(OncePerRequestFilter.java:119) ~[spring-web-5.3.1.jar:5.3.1]
	at org.apache.catalina.core.ApplicationFilterChain.internalDoFilter(ApplicationFilterChain.java:193) ~[tomcat-embed-core-9.0.39.jar:9.0.39]
	at org.apache.catalina.core.ApplicationFilterChain.doFilter(ApplicationFilterChain.java:166) ~[tomcat-embed-core-9.0.39.jar:9.0.39]
	at org.apache.catalina.core.StandardWrapperValve.invoke(StandardWrapperValve.java:202) ~[tomcat-embed-core-9.0.39.jar:9.0.39]
	at org.apache.catalina.core.StandardContextValve.invoke(StandardContextValve.java:97) [tomcat-embed-core-9.0.39.jar:9.0.39]
	at org.apache.catalina.authenticator.AuthenticatorBase.invoke(AuthenticatorBase.java:542) [tomcat-embed-core-9.0.39.jar:9.0.39]
	at org.apache.catalina.core.StandardHostValve.invoke(StandardHostValve.java:143) [tomcat-embed-core-9.0.39.jar:9.0.39]
	at org.apache.catalina.valves.ErrorReportValve.invoke(ErrorReportValve.java:92) [tomcat-embed-core-9.0.39.jar:9.0.39]
	at org.apache.catalina.core.StandardEngineValve.invoke(StandardEngineValve.java:78) [tomcat-embed-core-9.0.39.jar:9.0.39]
	at org.apache.catalina.connector.CoyoteAdapter.service(CoyoteAdapter.java:343) [tomcat-embed-core-9.0.39.jar:9.0.39]
	at org.apache.coyote.http11.Http11Processor.service(Http11Processor.java:374) [tomcat-embed-core-9.0.39.jar:9.0.39]
	at org.apache.coyote.AbstractProcessorLight.process(AbstractProcessorLight.java:65) [tomcat-embed-core-9.0.39.jar:9.0.39]
	at org.apache.coyote.AbstractProtocol$ConnectionHandler.process(AbstractProtocol.java:868) [tomcat-embed-core-9.0.39.jar:9.0.39]
	at org.apache.tomcat.util.net.NioEndpoint$SocketProcessor.doRun(NioEndpoint.java:1590) [tomcat-embed-core-9.0.39.jar:9.0.39]
	at org.apache.tomcat.util.net.SocketProcessorBase.run(SocketProcessorBase.java:49) [tomcat-embed-core-9.0.39.jar:9.0.39]
	at java.util.concurrent.ThreadPoolExecutor.runWorker(ThreadPoolExecutor.java:1149) [na:1.8.0_221]
	at java.util.concurrent.ThreadPoolExecutor$Worker.run(ThreadPoolExecutor.java:624) [na:1.8.0_221]
	at org.apache.tomcat.util.threads.TaskThread$WrappingRunnable.run(TaskThread.java:61) [tomcat-embed-core-9.0.39.jar:9.0.39]
	at java.lang.Thread.run(Thread.java:748) [na:1.8.0_221]

2020-12-03 21:29:42.244  INFO 95057 --- [SpringContextShutdownHook] o.s.s.concurrent.ThreadPoolTaskExecutor  : Shutting down ExecutorService 'applicationTaskExecutor'
2020-12-03 21:29:42.246  INFO 95057 --- [SpringContextShutdownHook] com.alibaba.druid.pool.DruidDataSource   : {dataSource-1} closing ...
2020-12-03 21:29:42.263  INFO 95057 --- [SpringContextShutdownHook] com.alibaba.druid.pool.DruidDataSource   : {dataSource-1} closed
2020-12-03 21:38:29.920  INFO 95942 --- [main] com.vfd.demo.CloudApplicationTests       : Starting CloudApplicationTests using Java 1.8.0_221 on vfdxvffd with PID 95942 (started by vfdxvffd in /home/vfdxvffd/github/vfd-cloud)
2020-12-03 21:38:29.922  INFO 95942 --- [main] com.vfd.demo.CloudApplicationTests       : No active profile set, falling back to default profiles: default
2020-12-03 21:38:30.729  INFO 95942 --- [main] .s.d.r.c.RepositoryConfigurationDelegate : Multiple Spring Data modules found, entering strict repository configuration mode!
2020-12-03 21:38:30.731  INFO 95942 --- [main] .s.d.r.c.RepositoryConfigurationDelegate : Bootstrapping Spring Data Redis repositories in DEFAULT mode.
2020-12-03 21:38:30.745  INFO 95942 --- [main] .s.d.r.c.RepositoryConfigurationDelegate : Finished Spring Data repository scanning in 4 ms. Found 0 Redis repository interfaces.
2020-12-03 21:38:35.746  INFO 95942 --- [main] o.s.s.concurrent.ThreadPoolTaskExecutor  : Initializing ExecutorService 'applicationTaskExecutor'
2020-12-03 21:38:35.853  INFO 95942 --- [main] o.s.b.a.w.s.WelcomePageHandlerMapping    : Adding welcome page template: index
2020-12-03 21:38:36.190  INFO 95942 --- [main] com.vfd.demo.CloudApplicationTests       : Started CloudApplicationTests in 6.58 seconds (JVM running for 7.707)
2020-12-03 21:38:38.550  INFO 95942 --- [SpringContextShutdownHook] o.s.s.concurrent.ThreadPoolTaskExecutor  : Shutting down ExecutorService 'applicationTaskExecutor'
2020-12-03 21:38:38.551  INFO 95942 --- [SpringContextShutdownHook] com.alibaba.druid.pool.DruidDataSource   : {dataSource-0} closing ...
2020-12-03 21:55:18.375  INFO 97218 --- [main] com.vfd.demo.DealData                    : Starting DealData using Java 1.8.0_221 on vfdxvffd with PID 97218 (started by vfdxvffd in /home/vfdxvffd/github/vfd-cloud)
2020-12-03 21:55:18.390  INFO 97218 --- [main] com.vfd.demo.DealData                    : No active profile set, falling back to default profiles: default
2020-12-03 21:55:19.111  INFO 97218 --- [main] .s.d.r.c.RepositoryConfigurationDelegate : Multiple Spring Data modules found, entering strict repository configuration mode!
2020-12-03 21:55:19.114  INFO 97218 --- [main] .s.d.r.c.RepositoryConfigurationDelegate : Bootstrapping Spring Data Redis repositories in DEFAULT mode.
2020-12-03 21:55:19.132  INFO 97218 --- [main] .s.d.r.c.RepositoryConfigurationDelegate : Finished Spring Data repository scanning in 5 ms. Found 0 Redis repository interfaces.
2020-12-03 21:55:21.983  INFO 97218 --- [main] o.s.s.concurrent.ThreadPoolTaskExecutor  : Initializing ExecutorService 'applicationTaskExecutor'
2020-12-03 21:55:22.085  INFO 97218 --- [main] o.s.b.a.w.s.WelcomePageHandlerMapping    : Adding welcome page template: index
2020-12-03 21:55:22.677  INFO 97218 --- [main] com.vfd.demo.DealData                    : Started DealData in 4.6 seconds (JVM running for 6.068)
2020-12-03 21:55:23.734  INFO 97218 --- [SpringContextShutdownHook] o.s.s.concurrent.ThreadPoolTaskExecutor  : Shutting down ExecutorService 'applicationTaskExecutor'
2020-12-03 21:55:23.736  INFO 97218 --- [SpringContextShutdownHook] com.alibaba.druid.pool.DruidDataSource   : {dataSource-0} closing ...
2020-12-03 21:55:51.736  INFO 97318 --- [main] com.vfd.demo.DealData                    : Starting DealData using Java 1.8.0_221 on vfdxvffd with PID 97318 (started by vfdxvffd in /home/vfdxvffd/github/vfd-cloud)
2020-12-03 21:55:51.740  INFO 97318 --- [main] com.vfd.demo.DealData                    : No active profile set, falling back to default profiles: default
2020-12-03 21:55:52.344  INFO 97318 --- [main] .s.d.r.c.RepositoryConfigurationDelegate : Multiple Spring Data modules found, entering strict repository configuration mode!
2020-12-03 21:55:52.347  INFO 97318 --- [main] .s.d.r.c.RepositoryConfigurationDelegate : Bootstrapping Spring Data Redis repositories in DEFAULT mode.
2020-12-03 21:55:52.365  INFO 97318 --- [main] .s.d.r.c.RepositoryConfigurationDelegate : Finished Spring Data repository scanning in 6 ms. Found 0 Redis repository interfaces.
2020-12-03 21:55:53.841  INFO 97318 --- [main] o.s.s.concurrent.ThreadPoolTaskExecutor  : Initializing ExecutorService 'applicationTaskExecutor'
2020-12-03 21:55:53.955  INFO 97318 --- [main] o.s.b.a.w.s.WelcomePageHandlerMapping    : Adding welcome page template: index
2020-12-03 21:55:54.296  INFO 97318 --- [main] com.vfd.demo.DealData                    : Started DealData in 2.87 seconds (JVM running for 3.869)
2020-12-03 21:55:55.484  INFO 97318 --- [SpringContextShutdownHook] o.s.s.concurrent.ThreadPoolTaskExecutor  : Shutting down ExecutorService 'applicationTaskExecutor'
2020-12-03 21:55:55.485  INFO 97318 --- [SpringContextShutdownHook] com.alibaba.druid.pool.DruidDataSource   : {dataSource-0} closing ...
2020-12-03 21:56:35.771  INFO 97465 --- [main] com.vfd.demo.DealData                    : Starting DealData using Java 1.8.0_221 on vfdxvffd with PID 97465 (started by vfdxvffd in /home/vfdxvffd/github/vfd-cloud)
2020-12-03 21:56:35.774  INFO 97465 --- [main] com.vfd.demo.DealData                    : No active profile set, falling back to default profiles: default
2020-12-03 21:56:36.296  INFO 97465 --- [main] .s.d.r.c.RepositoryConfigurationDelegate : Multiple Spring Data modules found, entering strict repository configuration mode!
2020-12-03 21:56:36.298  INFO 97465 --- [main] .s.d.r.c.RepositoryConfigurationDelegate : Bootstrapping Spring Data Redis repositories in DEFAULT mode.
2020-12-03 21:56:36.314  INFO 97465 --- [main] .s.d.r.c.RepositoryConfigurationDelegate : Finished Spring Data repository scanning in 5 ms. Found 0 Redis repository interfaces.
2020-12-03 21:56:37.923  INFO 97465 --- [main] o.s.s.concurrent.ThreadPoolTaskExecutor  : Initializing ExecutorService 'applicationTaskExecutor'
2020-12-03 21:56:38.039  INFO 97465 --- [main] o.s.b.a.w.s.WelcomePageHandlerMapping    : Adding welcome page template: index
2020-12-03 21:56:38.367  INFO 97465 --- [main] com.vfd.demo.DealData                    : Started DealData in 2.85 seconds (JVM running for 3.718)
2020-12-03 21:56:39.669  INFO 97465 --- [SpringContextShutdownHook] o.s.s.concurrent.ThreadPoolTaskExecutor  : Shutting down ExecutorService 'applicationTaskExecutor'
2020-12-03 21:56:39.671  INFO 97465 --- [SpringContextShutdownHook] com.alibaba.druid.pool.DruidDataSource   : {dataSource-0} closing ...
2020-12-03 21:56:50.631  INFO 97540 --- [main] com.vfd.demo.CloudApplication            : Starting CloudApplication using Java 1.8.0_221 on vfdxvffd with PID 97540 (/home/vfdxvffd/github/vfd-cloud/target/classes started by vfdxvffd in /home/vfdxvffd/github/vfd-cloud)
2020-12-03 21:56:50.633  INFO 97540 --- [main] com.vfd.demo.CloudApplication            : No active profile set, falling back to default profiles: default
2020-12-03 21:56:51.186  INFO 97540 --- [main] .s.d.r.c.RepositoryConfigurationDelegate : Multiple Spring Data modules found, entering strict repository configuration mode!
2020-12-03 21:56:51.188  INFO 97540 --- [main] .s.d.r.c.RepositoryConfigurationDelegate : Bootstrapping Spring Data Redis repositories in DEFAULT mode.
2020-12-03 21:56:51.202  INFO 97540 --- [main] .s.d.r.c.RepositoryConfigurationDelegate : Finished Spring Data repository scanning in 4 ms. Found 0 Redis repository interfaces.
2020-12-03 21:56:51.745  INFO 97540 --- [main] o.s.b.w.embedded.tomcat.TomcatWebServer  : Tomcat initialized with port(s): 8080 (http)
2020-12-03 21:56:51.763  INFO 97540 --- [main] o.apache.catalina.core.StandardService   : Starting service [Tomcat]
2020-12-03 21:56:51.763  INFO 97540 --- [main] org.apache.catalina.core.StandardEngine  : Starting Servlet engine: [Apache Tomcat/9.0.39]
2020-12-03 21:56:51.840  INFO 97540 --- [main] o.a.c.c.C.[Tomcat].[localhost].[/]       : Initializing Spring embedded WebApplicationContext
2020-12-03 21:56:51.841  INFO 97540 --- [main] w.s.c.ServletWebServerApplicationContext : Root WebApplicationContext: initialization completed in 1169 ms
2020-12-03 21:56:52.500  INFO 97540 --- [main] o.s.s.concurrent.ThreadPoolTaskExecutor  : Initializing ExecutorService 'applicationTaskExecutor'
2020-12-03 21:56:52.555  INFO 97540 --- [main] o.s.b.a.w.s.WelcomePageHandlerMapping    : Adding welcome page template: index
2020-12-03 21:56:52.755  INFO 97540 --- [main] o.s.b.w.embedded.tomcat.TomcatWebServer  : Tomcat started on port(s): 8080 (http) with context path ''
2020-12-03 21:56:52.764  INFO 97540 --- [main] com.vfd.demo.CloudApplication            : Started CloudApplication in 2.457 seconds (JVM running for 2.916)
2020-12-03 21:57:09.906  INFO 97540 --- [http-nio-8080-exec-1] o.a.c.c.C.[Tomcat].[localhost].[/]       : Initializing Spring DispatcherServlet 'dispatcherServlet'
2020-12-03 21:57:09.906  INFO 97540 --- [http-nio-8080-exec-1] o.s.web.servlet.DispatcherServlet        : Initializing Servlet 'dispatcherServlet'
2020-12-03 21:57:09.910  INFO 97540 --- [http-nio-8080-exec-1] o.s.web.servlet.DispatcherServlet        : Completed initialization in 4 ms
2020-12-03 21:57:34.059  INFO 97540 --- [http-nio-8080-exec-6] com.alibaba.druid.pool.DruidDataSource   : {dataSource-1} inited
2020-12-03 21:57:37.170  INFO 97540 --- [http-nio-8080-exec-6] c.vfd.demo.controller.AccountController  : forget_password:用户修改密码,email:1649282885@qq.com
2020-12-03 21:57:51.441  INFO 97540 --- [http-nio-8080-exec-9] c.vfd.demo.controller.AccountController  : reset_password:用户密码修改成功，email:1649282885@qq.com
2020-12-03 21:57:55.795  INFO 97540 --- [http-nio-8080-exec-4] c.vfd.demo.controller.AccountController  : login:用户登陆成功，id为：11
2020-12-03 22:00:24.804  INFO 98051 --- [main] com.vfd.demo.DealData                    : Starting DealData using Java 1.8.0_221 on vfdxvffd with PID 98051 (started by vfdxvffd in /home/vfdxvffd/github/vfd-cloud)
2020-12-03 22:00:24.809  INFO 98051 --- [main] com.vfd.demo.DealData                    : No active profile set, falling back to default profiles: default
2020-12-03 22:00:25.408  INFO 98051 --- [main] .s.d.r.c.RepositoryConfigurationDelegate : Multiple Spring Data modules found, entering strict repository configuration mode!
2020-12-03 22:00:25.410  INFO 98051 --- [main] .s.d.r.c.RepositoryConfigurationDelegate : Bootstrapping Spring Data Redis repositories in DEFAULT mode.
2020-12-03 22:00:25.425  INFO 98051 --- [main] .s.d.r.c.RepositoryConfigurationDelegate : Finished Spring Data repository scanning in 4 ms. Found 0 Redis repository interfaces.
2020-12-03 22:00:26.918  INFO 98051 --- [main] o.s.s.concurrent.ThreadPoolTaskExecutor  : Initializing ExecutorService 'applicationTaskExecutor'
2020-12-03 22:00:27.027  INFO 98051 --- [main] o.s.b.a.w.s.WelcomePageHandlerMapping    : Adding welcome page template: index
2020-12-03 22:00:27.394  INFO 98051 --- [main] com.vfd.demo.DealData                    : Started DealData in 2.945 seconds (JVM running for 3.842)
2020-12-03 22:00:28.576  INFO 98051 --- [SpringContextShutdownHook] o.s.s.concurrent.ThreadPoolTaskExecutor  : Shutting down ExecutorService 'applicationTaskExecutor'
2020-12-03 22:00:28.577  INFO 98051 --- [SpringContextShutdownHook] com.alibaba.druid.pool.DruidDataSource   : {dataSource-0} closing ...
2020-12-03 22:00:53.091  INFO 97540 --- [SpringContextShutdownHook] o.s.s.concurrent.ThreadPoolTaskExecutor  : Shutting down ExecutorService 'applicationTaskExecutor'
2020-12-03 22:00:53.092  INFO 97540 --- [SpringContextShutdownHook] com.alibaba.druid.pool.DruidDataSource   : {dataSource-1} closing ...
2020-12-03 22:00:53.108  INFO 97540 --- [SpringContextShutdownHook] com.alibaba.druid.pool.DruidDataSource   : {dataSource-1} closed
2020-12-03 22:00:59.479  INFO 98168 --- [main] com.vfd.demo.CloudApplication            : Starting CloudApplication using Java 1.8.0_221 on vfdxvffd with PID 98168 (/home/vfdxvffd/github/vfd-cloud/target/classes started by vfdxvffd in /home/vfdxvffd/github/vfd-cloud)
2020-12-03 22:00:59.481  INFO 98168 --- [main] com.vfd.demo.CloudApplication            : No active profile set, falling back to default profiles: default
2020-12-03 22:00:59.937  INFO 98168 --- [main] .s.d.r.c.RepositoryConfigurationDelegate : Multiple Spring Data modules found, entering strict repository configuration mode!
2020-12-03 22:00:59.938  INFO 98168 --- [main] .s.d.r.c.RepositoryConfigurationDelegate : Bootstrapping Spring Data Redis repositories in DEFAULT mode.
2020-12-03 22:00:59.950  INFO 98168 --- [main] .s.d.r.c.RepositoryConfigurationDelegate : Finished Spring Data repository scanning in 3 ms. Found 0 Redis repository interfaces.
2020-12-03 22:01:00.260  INFO 98168 --- [main] o.s.b.w.embedded.tomcat.TomcatWebServer  : Tomcat initialized with port(s): 8080 (http)
2020-12-03 22:01:00.265  INFO 98168 --- [main] o.apache.catalina.core.StandardService   : Starting service [Tomcat]
2020-12-03 22:01:00.265  INFO 98168 --- [main] org.apache.catalina.core.StandardEngine  : Starting Servlet engine: [Apache Tomcat/9.0.39]
2020-12-03 22:01:00.301  INFO 98168 --- [main] o.a.c.c.C.[Tomcat].[localhost].[/]       : Initializing Spring embedded WebApplicationContext
2020-12-03 22:01:00.302  INFO 98168 --- [main] w.s.c.ServletWebServerApplicationContext : Root WebApplicationContext: initialization completed in 790 ms
2020-12-03 22:01:00.803  INFO 98168 --- [main] o.s.s.concurrent.ThreadPoolTaskExecutor  : Initializing ExecutorService 'applicationTaskExecutor'
2020-12-03 22:01:00.847  INFO 98168 --- [main] o.s.b.a.w.s.WelcomePageHandlerMapping    : Adding welcome page template: index
2020-12-03 22:01:00.995  INFO 98168 --- [main] o.s.b.w.embedded.tomcat.TomcatWebServer  : Tomcat started on port(s): 8080 (http) with context path ''
2020-12-03 22:01:01.003  INFO 98168 --- [main] com.vfd.demo.CloudApplication            : Started CloudApplication in 1.793 seconds (JVM running for 2.174)
2020-12-03 22:04:33.724  INFO 98168 --- [SpringContextShutdownHook] o.s.s.concurrent.ThreadPoolTaskExecutor  : Shutting down ExecutorService 'applicationTaskExecutor'
2020-12-03 22:04:33.726  INFO 98168 --- [SpringContextShutdownHook] com.alibaba.druid.pool.DruidDataSource   : {dataSource-0} closing ...
2020-12-03 22:35:33.627  INFO 99394 --- [main] com.vfd.demo.CloudApplication            : Starting CloudApplication using Java 1.8.0_221 on vfdxvffd with PID 99394 (/home/vfdxvffd/github/vfd-cloud/target/classes started by vfdxvffd in /home/vfdxvffd/github/vfd-cloud)
2020-12-03 22:35:33.631  INFO 99394 --- [main] com.vfd.demo.CloudApplication            : No active profile set, falling back to default profiles: default
2020-12-03 22:35:34.091  INFO 99394 --- [main] .s.d.r.c.RepositoryConfigurationDelegate : Multiple Spring Data modules found, entering strict repository configuration mode!
2020-12-03 22:35:34.092  INFO 99394 --- [main] .s.d.r.c.RepositoryConfigurationDelegate : Bootstrapping Spring Data Redis repositories in DEFAULT mode.
2020-12-03 22:35:34.104  INFO 99394 --- [main] .s.d.r.c.RepositoryConfigurationDelegate : Finished Spring Data repository scanning in 3 ms. Found 0 Redis repository interfaces.
2020-12-03 22:35:34.402  INFO 99394 --- [main] o.s.b.w.embedded.tomcat.TomcatWebServer  : Tomcat initialized with port(s): 8080 (http)
2020-12-03 22:35:34.408  INFO 99394 --- [main] o.apache.catalina.core.StandardService   : Starting service [Tomcat]
2020-12-03 22:35:34.408  INFO 99394 --- [main] org.apache.catalina.core.StandardEngine  : Starting Servlet engine: [Apache Tomcat/9.0.39]
2020-12-03 22:35:34.443  INFO 99394 --- [main] o.a.c.c.C.[Tomcat].[localhost].[/]       : Initializing Spring embedded WebApplicationContext
2020-12-03 22:35:34.443  INFO 99394 --- [main] w.s.c.ServletWebServerApplicationContext : Root WebApplicationContext: initialization completed in 772 ms
2020-12-03 22:35:34.990  INFO 99394 --- [main] o.s.s.concurrent.ThreadPoolTaskExecutor  : Initializing ExecutorService 'applicationTaskExecutor'
2020-12-03 22:35:35.033  INFO 99394 --- [main] o.s.b.a.w.s.WelcomePageHandlerMapping    : Adding welcome page template: index
2020-12-03 22:35:35.169  INFO 99394 --- [main] o.s.b.w.embedded.tomcat.TomcatWebServer  : Tomcat started on port(s): 8080 (http) with context path ''
2020-12-03 22:35:35.176  INFO 99394 --- [main] com.vfd.demo.CloudApplication            : Started CloudApplication in 1.817 seconds (JVM running for 2.115)
2020-12-03 22:37:42.531  INFO 99394 --- [http-nio-8080-exec-1] o.a.c.c.C.[Tomcat].[localhost].[/]       : Initializing Spring DispatcherServlet 'dispatcherServlet'
2020-12-03 22:37:42.531  INFO 99394 --- [http-nio-8080-exec-1] o.s.web.servlet.DispatcherServlet        : Initializing Servlet 'dispatcherServlet'
2020-12-03 22:37:42.532  INFO 99394 --- [http-nio-8080-exec-1] o.s.web.servlet.DispatcherServlet        : Completed initialization in 1 ms
2020-12-03 22:39:37.647  INFO 99394 --- [http-nio-8080-exec-2] com.alibaba.druid.pool.DruidDataSource   : {dataSource-1} inited
2020-12-03 22:39:58.998  INFO 99394 --- [http-nio-8080-exec-5] c.vfd.demo.controller.AccountController  : register：注册成功！新用户id为：13
2020-12-03 22:40:07.333  INFO 99394 --- [http-nio-8080-exec-3] c.vfd.demo.controller.AccountController  : login:用户登陆成功，id为：13
2020-12-03 22:40:25.057  INFO 99394 --- [http-nio-8080-exec-2] c.vfd.demo.controller.AccountController  : forget_password:用户修改密码,email:2201986113@qq.com
2020-12-03 22:40:49.250  INFO 99394 --- [http-nio-8080-exec-4] c.vfd.demo.controller.AccountController  : reset_password:用户密码修改成功，email:2201986113@qq.com
2020-12-03 22:40:52.527  INFO 99394 --- [http-nio-8080-exec-10] c.vfd.demo.controller.AccountController  : login:用户登陆成功，id为：13
2020-12-03 22:41:29.541  INFO 99394 --- [SpringContextShutdownHook] o.s.s.concurrent.ThreadPoolTaskExecutor  : Shutting down ExecutorService 'applicationTaskExecutor'
2020-12-03 22:41:29.544  INFO 99394 --- [SpringContextShutdownHook] com.alibaba.druid.pool.DruidDataSource   : {dataSource-1} closing ...
2020-12-03 22:41:29.561  INFO 99394 --- [SpringContextShutdownHook] com.alibaba.druid.pool.DruidDataSource   : {dataSource-1} closed
2020-12-03 23:30:03.315  INFO 103903 --- [main] com.vfd.demo.CloudApplicationTests       : Starting CloudApplicationTests using Java 1.8.0_221 on vfdxvffd with PID 103903 (started by vfdxvffd in /home/vfdxvffd/github/vfd-cloud)
2020-12-03 23:30:03.318  INFO 103903 --- [main] com.vfd.demo.CloudApplicationTests       : No active profile set, falling back to default profiles: default
2020-12-03 23:30:03.976  INFO 103903 --- [main] .s.d.r.c.RepositoryConfigurationDelegate : Multiple Spring Data modules found, entering strict repository configuration mode!
2020-12-03 23:30:03.980  INFO 103903 --- [main] .s.d.r.c.RepositoryConfigurationDelegate : Bootstrapping Spring Data Redis repositories in DEFAULT mode.
2020-12-03 23:30:04.000  INFO 103903 --- [main] .s.d.r.c.RepositoryConfigurationDelegate : Finished Spring Data repository scanning in 7 ms. Found 0 Redis repository interfaces.
2020-12-03 23:30:05.543  INFO 103903 --- [main] o.s.s.concurrent.ThreadPoolTaskExecutor  : Initializing ExecutorService 'applicationTaskExecutor'
2020-12-03 23:30:05.663  INFO 103903 --- [main] o.s.b.a.w.s.WelcomePageHandlerMapping    : Adding welcome page template: index
2020-12-03 23:30:06.051  INFO 103903 --- [main] com.vfd.demo.CloudApplicationTests       : Started CloudApplicationTests in 2.999 seconds (JVM running for 4.051)
2020-12-03 23:30:06.830  INFO 103903 --- [SpringContextShutdownHook] o.s.s.concurrent.ThreadPoolTaskExecutor  : Shutting down ExecutorService 'applicationTaskExecutor'
2020-12-03 23:30:06.831  INFO 103903 --- [SpringContextShutdownHook] com.alibaba.druid.pool.DruidDataSource   : {dataSource-0} closing ...
